{"C:\\Users\\LC\\OneDrive\\Υπολογιστής\\reviewsystem-graphql-koa-ts-micro\\src\\lib\\actions\\CandidateActions.ts": {"path":"C:\\Users\\LC\\OneDrive\\Υπολογιστής\\reviewsystem-graphql-koa-ts-micro\\src\\lib\\actions\\CandidateActions.ts","statementMap":{"0":{"start":{"line":3,"column":0},"end":{"line":3,"column":56}},"1":{"start":{"line":9,"column":17},"end":{"line":9,"column":45}},"2":{"start":{"line":10,"column":2},"end":{"line":10,"column":null}},"3":{"start":{"line":10,"column":33},"end":{"line":10,"column":null}},"4":{"start":{"line":12,"column":30},"end":{"line":27,"column":6}},"5":{"start":{"line":30,"column":2},"end":{"line":30,"column":null}},"6":{"start":{"line":31,"column":2},"end":{"line":31,"column":null}},"7":{"start":{"line":8,"column":0},"end":{"line":8,"column":7}},"8":{"start":{"line":35,"column":20},"end":{"line":35,"column":77}},"9":{"start":{"line":36,"column":2},"end":{"line":36,"column":null}},"10":{"start":{"line":34,"column":0},"end":{"line":34,"column":7}},"11":{"start":{"line":49,"column":2},"end":{"line":49,"column":null}},"12":{"start":{"line":48,"column":0},"end":{"line":48,"column":7}},"13":{"start":{"line":58,"column":20},"end":{"line":58,"column":53}},"14":{"start":{"line":59,"column":2},"end":{"line":59,"column":null}},"15":{"start":{"line":60,"column":2},"end":{"line":60,"column":null}},"16":{"start":{"line":54,"column":0},"end":{"line":54,"column":7}},"17":{"start":{"line":64,"column":20},"end":{"line":64,"column":77}},"18":{"start":{"line":66,"column":2},"end":{"line":66,"column":null}},"19":{"start":{"line":67,"column":2},"end":{"line":67,"column":null}},"20":{"start":{"line":68,"column":2},"end":{"line":68,"column":null}},"21":{"start":{"line":69,"column":2},"end":{"line":69,"column":null}},"22":{"start":{"line":70,"column":2},"end":{"line":70,"column":null}},"23":{"start":{"line":71,"column":2},"end":{"line":71,"column":null}},"24":{"start":{"line":72,"column":2},"end":{"line":72,"column":null}},"25":{"start":{"line":74,"column":2},"end":{"line":74,"column":null}},"26":{"start":{"line":75,"column":2},"end":{"line":75,"column":null}},"27":{"start":{"line":63,"column":0},"end":{"line":63,"column":7}},"28":{"start":{"line":79,"column":20},"end":{"line":79,"column":77}},"29":{"start":{"line":81,"column":2},"end":{"line":81,"column":null}},"30":{"start":{"line":82,"column":2},"end":{"line":82,"column":null}},"31":{"start":{"line":78,"column":0},"end":{"line":78,"column":7}}},"fnMap":{"0":{"name":"getCandidatesAction","decl":{"start":{"line":8,"column":22},"end":{"line":8,"column":41}},"loc":{"start":{"line":8,"column":87},"end":{"line":32,"column":1}}},"1":{"name":"getCandidateByIdAction","decl":{"start":{"line":34,"column":22},"end":{"line":34,"column":44}},"loc":{"start":{"line":34,"column":75},"end":{"line":37,"column":1}}},"2":{"name":"getCandidatesByStatusAction","decl":{"start":{"line":48,"column":22},"end":{"line":48,"column":49}},"loc":{"start":{"line":48,"column":84},"end":{"line":52,"column":1}}},"3":{"name":"createCandidateAction","decl":{"start":{"line":54,"column":22},"end":{"line":54,"column":43}},"loc":{"start":{"line":54,"column":88},"end":{"line":61,"column":1}}},"4":{"name":"updateCandidateAction","decl":{"start":{"line":63,"column":22},"end":{"line":63,"column":43}},"loc":{"start":{"line":63,"column":100},"end":{"line":76,"column":1}}},"5":{"name":"deleteCandidateAction","decl":{"start":{"line":78,"column":22},"end":{"line":78,"column":43}},"loc":{"start":{"line":78,"column":74},"end":{"line":83,"column":1}}}},"branchMap":{"0":{"loc":{"start":{"line":10,"column":2},"end":{"line":10,"column":null}},"type":"if","locations":[{"start":{"line":10,"column":2},"end":{"line":10,"column":null}},{"start":{"line":10,"column":2},"end":{"line":10,"column":null}}]}},"s":{"0":1,"1":2,"2":2,"3":2,"4":2,"5":2,"6":2,"7":1,"8":2,"9":1,"10":1,"11":2,"12":1,"13":1,"14":1,"15":1,"16":1,"17":2,"18":1,"19":1,"20":1,"21":1,"22":1,"23":1,"24":1,"25":1,"26":1,"27":1,"28":2,"29":1,"30":1,"31":1},"f":{"0":2,"1":2,"2":2,"3":1,"4":2,"5":2},"b":{"0":[2,0]}}
,"C:\\Users\\LC\\OneDrive\\Υπολογιστής\\reviewsystem-graphql-koa-ts-micro\\src\\lib\\actions\\InternActions.ts": {"path":"C:\\Users\\LC\\OneDrive\\Υπολογιστής\\reviewsystem-graphql-koa-ts-micro\\src\\lib\\actions\\InternActions.ts","statementMap":{"0":{"start":{"line":4,"column":0},"end":{"line":4,"column":50}},"1":{"start":{"line":5,"column":0},"end":{"line":5,"column":46}},"2":{"start":{"line":6,"column":0},"end":{"line":6,"column":59}},"3":{"start":{"line":9,"column":2},"end":{"line":9,"column":null}},"4":{"start":{"line":8,"column":0},"end":{"line":8,"column":7}},"5":{"start":{"line":13,"column":18},"end":{"line":13,"column":70}},"6":{"start":{"line":14,"column":2},"end":{"line":14,"column":null}},"7":{"start":{"line":14,"column":36},"end":{"line":14,"column":72}},"8":{"start":{"line":12,"column":0},"end":{"line":12,"column":7}},"9":{"start":{"line":18,"column":17},"end":{"line":18,"column":104}},"10":{"start":{"line":19,"column":2},"end":{"line":19,"column":null}},"11":{"start":{"line":17,"column":0},"end":{"line":17,"column":7}},"12":{"start":{"line":23,"column":15},"end":{"line":23,"column":70}},"13":{"start":{"line":25,"column":17},"end":{"line":25,"column":65}},"14":{"start":{"line":26,"column":2},"end":{"line":26,"column":null}},"15":{"start":{"line":27,"column":2},"end":{"line":27,"column":null}},"16":{"start":{"line":22,"column":0},"end":{"line":22,"column":7}},"17":{"start":{"line":31,"column":15},"end":{"line":31,"column":70}},"18":{"start":{"line":32,"column":17},"end":{"line":32,"column":82}},"19":{"start":{"line":34,"column":2},"end":{"line":34,"column":null}},"20":{"start":{"line":35,"column":2},"end":{"line":35,"column":null}},"21":{"start":{"line":36,"column":2},"end":{"line":36,"column":null}},"22":{"start":{"line":37,"column":2},"end":{"line":37,"column":null}},"23":{"start":{"line":38,"column":2},"end":{"line":38,"column":null}},"24":{"start":{"line":39,"column":2},"end":{"line":39,"column":null}},"25":{"start":{"line":40,"column":2},"end":{"line":40,"column":null}},"26":{"start":{"line":41,"column":2},"end":{"line":41,"column":null}},"27":{"start":{"line":42,"column":2},"end":{"line":42,"column":null}},"28":{"start":{"line":45,"column":2},"end":{"line":45,"column":null}},"29":{"start":{"line":47,"column":2},"end":{"line":47,"column":null}},"30":{"start":{"line":48,"column":2},"end":{"line":48,"column":null}},"31":{"start":{"line":30,"column":0},"end":{"line":30,"column":7}},"32":{"start":{"line":52,"column":17},"end":{"line":52,"column":82}},"33":{"start":{"line":54,"column":2},"end":{"line":54,"column":null}},"34":{"start":{"line":55,"column":2},"end":{"line":55,"column":null}},"35":{"start":{"line":56,"column":2},"end":{"line":56,"column":null}},"36":{"start":{"line":51,"column":0},"end":{"line":51,"column":7}},"37":{"start":{"line":60,"column":17},"end":{"line":60,"column":82}},"38":{"start":{"line":62,"column":2},"end":{"line":62,"column":null}},"39":{"start":{"line":63,"column":2},"end":{"line":63,"column":null}},"40":{"start":{"line":59,"column":0},"end":{"line":59,"column":7}},"41":{"start":{"line":67,"column":18},"end":{"line":67,"column":43}},"42":{"start":{"line":68,"column":19},"end":{"line":68,"column":81}},"43":{"start":{"line":68,"column":45},"end":{"line":68,"column":80}},"44":{"start":{"line":69,"column":20},"end":{"line":69,"column":83}},"45":{"start":{"line":69,"column":46},"end":{"line":69,"column":82}},"46":{"start":{"line":71,"column":25},"end":{"line":74,"column":null}},"47":{"start":{"line":75,"column":2},"end":{"line":75,"column":null}},"48":{"start":{"line":66,"column":0},"end":{"line":66,"column":7}},"49":{"start":{"line":80,"column":21},"end":{"line":80,"column":46}},"50":{"start":{"line":81,"column":19},"end":{"line":81,"column":84}},"51":{"start":{"line":81,"column":48},"end":{"line":81,"column":83}},"52":{"start":{"line":82,"column":20},"end":{"line":82,"column":86}},"53":{"start":{"line":82,"column":49},"end":{"line":82,"column":85}},"54":{"start":{"line":84,"column":24},"end":{"line":87,"column":4}},"55":{"start":{"line":85,"column":17},"end":{"line":85,"column":94}},"56":{"start":{"line":86,"column":4},"end":{"line":86,"column":null}},"57":{"start":{"line":88,"column":25},"end":{"line":91,"column":4}},"58":{"start":{"line":89,"column":17},"end":{"line":89,"column":94}},"59":{"start":{"line":90,"column":4},"end":{"line":90,"column":null}},"60":{"start":{"line":93,"column":25},"end":{"line":96,"column":null}},"61":{"start":{"line":98,"column":2},"end":{"line":98,"column":null}},"62":{"start":{"line":79,"column":0},"end":{"line":79,"column":7}}},"fnMap":{"0":{"name":"getInternsByStatusAction","decl":{"start":{"line":8,"column":22},"end":{"line":8,"column":46}},"loc":{"start":{"line":8,"column":87},"end":{"line":10,"column":1}}},"1":{"name":"getInternsAction","decl":{"start":{"line":12,"column":22},"end":{"line":12,"column":38}},"loc":{"start":{"line":12,"column":79},"end":{"line":15,"column":1}}},"2":{"name":"(anonymous_2)","decl":{"start":{"line":14,"column":24},"end":{"line":14,"column":25}},"loc":{"start":{"line":14,"column":36},"end":{"line":14,"column":72}}},"3":{"name":"getInternByIdAction","decl":{"start":{"line":17,"column":22},"end":{"line":17,"column":41}},"loc":{"start":{"line":17,"column":72},"end":{"line":20,"column":1}}},"4":{"name":"createInternAction","decl":{"start":{"line":22,"column":22},"end":{"line":22,"column":40}},"loc":{"start":{"line":22,"column":82},"end":{"line":28,"column":1}}},"5":{"name":"updateInternAction","decl":{"start":{"line":30,"column":22},"end":{"line":30,"column":40}},"loc":{"start":{"line":30,"column":94},"end":{"line":49,"column":1}}},"6":{"name":"updateInternActionOnlyStatus","decl":{"start":{"line":51,"column":22},"end":{"line":51,"column":50}},"loc":{"start":{"line":51,"column":109},"end":{"line":57,"column":1}}},"7":{"name":"deleteInternAction","decl":{"start":{"line":59,"column":22},"end":{"line":59,"column":40}},"loc":{"start":{"line":59,"column":71},"end":{"line":64,"column":1}}},"8":{"name":"findPercentageOfSuccessfulInterns","decl":{"start":{"line":66,"column":22},"end":{"line":66,"column":55}},"loc":{"start":{"line":66,"column":74},"end":{"line":77,"column":1}}},"9":{"name":"(anonymous_9)","decl":{"start":{"line":68,"column":34},"end":{"line":68,"column":41}},"loc":{"start":{"line":68,"column":45},"end":{"line":68,"column":80}}},"10":{"name":"(anonymous_10)","decl":{"start":{"line":69,"column":35},"end":{"line":69,"column":42}},"loc":{"start":{"line":69,"column":46},"end":{"line":69,"column":82}}},"11":{"name":"findPercentageOfSuccessfulInternsPerPeriod","decl":{"start":{"line":79,"column":22},"end":{"line":79,"column":64}},"loc":{"start":{"line":79,"column":99},"end":{"line":100,"column":1}}},"12":{"name":"(anonymous_12)","decl":{"start":{"line":81,"column":37},"end":{"line":81,"column":44}},"loc":{"start":{"line":81,"column":48},"end":{"line":81,"column":83}}},"13":{"name":"(anonymous_13)","decl":{"start":{"line":82,"column":38},"end":{"line":82,"column":45}},"loc":{"start":{"line":82,"column":49},"end":{"line":82,"column":85}}},"14":{"name":"(anonymous_14)","decl":{"start":{"line":84,"column":40},"end":{"line":84,"column":47}},"loc":{"start":{"line":84,"column":50},"end":{"line":87,"column":3}}},"15":{"name":"(anonymous_15)","decl":{"start":{"line":88,"column":42},"end":{"line":88,"column":49}},"loc":{"start":{"line":88,"column":52},"end":{"line":91,"column":3}}}},"branchMap":{"0":{"loc":{"start":{"line":86,"column":11},"end":{"line":86,"column":24}},"type":"binary-expr","locations":[{"start":{"line":86,"column":11},"end":{"line":86,"column":24}},{"start":{"line":86,"column":28},"end":{"line":86,"column":36}}]},"1":{"loc":{"start":{"line":90,"column":11},"end":{"line":90,"column":24}},"type":"binary-expr","locations":[{"start":{"line":90,"column":11},"end":{"line":90,"column":24}},{"start":{"line":90,"column":28},"end":{"line":90,"column":36}}]}},"s":{"0":1,"1":1,"2":1,"3":2,"4":1,"5":1,"6":1,"7":5,"8":1,"9":2,"10":1,"11":1,"12":1,"13":1,"14":1,"15":1,"16":1,"17":2,"18":2,"19":1,"20":1,"21":1,"22":1,"23":1,"24":1,"25":1,"26":1,"27":1,"28":1,"29":1,"30":1,"31":1,"32":1,"33":1,"34":1,"35":1,"36":1,"37":2,"38":1,"39":1,"40":1,"41":1,"42":1,"43":3,"44":1,"45":3,"46":1,"47":1,"48":1,"49":1,"50":1,"51":4,"52":1,"53":4,"54":1,"55":3,"56":3,"57":1,"58":1,"59":1,"60":1,"61":1,"62":1},"f":{"0":2,"1":1,"2":5,"3":2,"4":1,"5":2,"6":1,"7":2,"8":1,"9":3,"10":3,"11":1,"12":4,"13":4,"14":3,"15":1},"b":{"0":[3,3],"1":[1,1]}}
,"C:\\Users\\LC\\OneDrive\\Υπολογιστής\\reviewsystem-graphql-koa-ts-micro\\src\\lib\\actions\\InterviewActions.ts": {"path":"C:\\Users\\LC\\OneDrive\\Υπολογιστής\\reviewsystem-graphql-koa-ts-micro\\src\\lib\\actions\\InterviewActions.ts","statementMap":{"0":{"start":{"line":2,"column":0},"end":{"line":2,"column":71}},"1":{"start":{"line":5,"column":0},"end":{"line":5,"column":56}},"2":{"start":{"line":6,"column":0},"end":{"line":6,"column":56}},"3":{"start":{"line":10,"column":0},"end":{"line":10,"column":47}},"4":{"start":{"line":13,"column":20},"end":{"line":13,"column":91}},"5":{"start":{"line":14,"column":2},"end":{"line":14,"column":null}},"6":{"start":{"line":12,"column":0},"end":{"line":12,"column":7}},"7":{"start":{"line":18,"column":2},"end":{"line":18,"column":null}},"8":{"start":{"line":17,"column":0},"end":{"line":17,"column":7}},"9":{"start":{"line":22,"column":21},"end":{"line":22,"column":79}},"10":{"start":{"line":23,"column":2},"end":{"line":23,"column":null}},"11":{"start":{"line":23,"column":38},"end":{"line":23,"column":69}},"12":{"start":{"line":21,"column":0},"end":{"line":21,"column":7}},"13":{"start":{"line":27,"column":21},"end":{"line":27,"column":79}},"14":{"start":{"line":28,"column":2},"end":{"line":28,"column":null}},"15":{"start":{"line":28,"column":38},"end":{"line":28,"column":69}},"16":{"start":{"line":26,"column":0},"end":{"line":26,"column":7}},"17":{"start":{"line":33,"column":20},"end":{"line":33,"column":79}},"18":{"start":{"line":37,"column":2},"end":{"line":39,"column":null}},"19":{"start":{"line":38,"column":4},"end":{"line":38,"column":null}},"20":{"start":{"line":42,"column":20},"end":{"line":42,"column":94}},"21":{"start":{"line":43,"column":2},"end":{"line":43,"column":null}},"22":{"start":{"line":44,"column":2},"end":{"line":44,"column":null}},"23":{"start":{"line":45,"column":2},"end":{"line":45,"column":null}},"24":{"start":{"line":31,"column":0},"end":{"line":31,"column":7}},"25":{"start":{"line":50,"column":20},"end":{"line":50,"column":79}},"26":{"start":{"line":51,"column":20},"end":{"line":51,"column":91}},"27":{"start":{"line":53,"column":2},"end":{"line":55,"column":null}},"28":{"start":{"line":54,"column":4},"end":{"line":54,"column":null}},"29":{"start":{"line":56,"column":2},"end":{"line":58,"column":null}},"30":{"start":{"line":57,"column":4},"end":{"line":57,"column":null}},"31":{"start":{"line":61,"column":2},"end":{"line":61,"column":null}},"32":{"start":{"line":62,"column":2},"end":{"line":62,"column":null}},"33":{"start":{"line":63,"column":2},"end":{"line":63,"column":null}},"34":{"start":{"line":64,"column":2},"end":{"line":64,"column":null}},"35":{"start":{"line":65,"column":2},"end":{"line":65,"column":null}},"36":{"start":{"line":66,"column":2},"end":{"line":66,"column":null}},"37":{"start":{"line":67,"column":2},"end":{"line":67,"column":null}},"38":{"start":{"line":68,"column":2},"end":{"line":68,"column":null}},"39":{"start":{"line":71,"column":2},"end":{"line":71,"column":null}},"40":{"start":{"line":73,"column":2},"end":{"line":73,"column":null}},"41":{"start":{"line":74,"column":2},"end":{"line":74,"column":null}},"42":{"start":{"line":48,"column":0},"end":{"line":48,"column":7}},"43":{"start":{"line":78,"column":20},"end":{"line":78,"column":91}},"44":{"start":{"line":80,"column":2},"end":{"line":80,"column":null}},"45":{"start":{"line":81,"column":2},"end":{"line":81,"column":null}},"46":{"start":{"line":82,"column":2},"end":{"line":82,"column":null}},"47":{"start":{"line":77,"column":0},"end":{"line":77,"column":7}},"48":{"start":{"line":86,"column":20},"end":{"line":86,"column":91}},"49":{"start":{"line":88,"column":2},"end":{"line":90,"column":null}},"50":{"start":{"line":89,"column":4},"end":{"line":89,"column":null}},"51":{"start":{"line":92,"column":2},"end":{"line":92,"column":null}},"52":{"start":{"line":93,"column":2},"end":{"line":93,"column":null}},"53":{"start":{"line":85,"column":0},"end":{"line":85,"column":7}},"54":{"start":{"line":97,"column":21},"end":{"line":97,"column":49}},"55":{"start":{"line":98,"column":19},"end":{"line":98,"column":78}},"56":{"start":{"line":98,"column":48},"end":{"line":98,"column":77}},"57":{"start":{"line":99,"column":20},"end":{"line":99,"column":79}},"58":{"start":{"line":99,"column":49},"end":{"line":99,"column":78}},"59":{"start":{"line":100,"column":31},"end":{"line":103,"column":null}},"60":{"start":{"line":104,"column":2},"end":{"line":104,"column":null}},"61":{"start":{"line":96,"column":0},"end":{"line":96,"column":7}},"62":{"start":{"line":109,"column":21},"end":{"line":109,"column":49}},"63":{"start":{"line":110,"column":19},"end":{"line":110,"column":78}},"64":{"start":{"line":110,"column":48},"end":{"line":110,"column":77}},"65":{"start":{"line":111,"column":20},"end":{"line":111,"column":79}},"66":{"start":{"line":111,"column":49},"end":{"line":111,"column":78}},"67":{"start":{"line":113,"column":24},"end":{"line":116,"column":4}},"68":{"start":{"line":114,"column":17},"end":{"line":114,"column":94}},"69":{"start":{"line":115,"column":4},"end":{"line":115,"column":null}},"70":{"start":{"line":117,"column":25},"end":{"line":120,"column":4}},"71":{"start":{"line":118,"column":17},"end":{"line":118,"column":94}},"72":{"start":{"line":119,"column":4},"end":{"line":119,"column":null}},"73":{"start":{"line":122,"column":31},"end":{"line":125,"column":null}},"74":{"start":{"line":126,"column":2},"end":{"line":126,"column":null}},"75":{"start":{"line":108,"column":0},"end":{"line":108,"column":7}}},"fnMap":{"0":{"name":"getInterviewByIdAction","decl":{"start":{"line":12,"column":22},"end":{"line":12,"column":44}},"loc":{"start":{"line":12,"column":75},"end":{"line":15,"column":1}}},"1":{"name":"getInterviewsByStatusAction","decl":{"start":{"line":17,"column":22},"end":{"line":17,"column":49}},"loc":{"start":{"line":17,"column":84},"end":{"line":19,"column":1}}},"2":{"name":"getScheduledInterviewsAction","decl":{"start":{"line":21,"column":22},"end":{"line":21,"column":50}},"loc":{"start":{"line":21,"column":69},"end":{"line":24,"column":1}}},"3":{"name":"(anonymous_3)","decl":{"start":{"line":23,"column":27},"end":{"line":23,"column":34}},"loc":{"start":{"line":23,"column":38},"end":{"line":23,"column":69}}},"4":{"name":"getOldInterviewsAction","decl":{"start":{"line":26,"column":22},"end":{"line":26,"column":44}},"loc":{"start":{"line":26,"column":63},"end":{"line":29,"column":1}}},"5":{"name":"(anonymous_5)","decl":{"start":{"line":28,"column":27},"end":{"line":28,"column":34}},"loc":{"start":{"line":28,"column":38},"end":{"line":28,"column":69}}},"6":{"name":"createInterviewAction","decl":{"start":{"line":31,"column":22},"end":{"line":31,"column":43}},"loc":{"start":{"line":31,"column":100},"end":{"line":46,"column":1}}},"7":{"name":"updateInterviewAction","decl":{"start":{"line":48,"column":22},"end":{"line":48,"column":43}},"loc":{"start":{"line":48,"column":112},"end":{"line":75,"column":1}}},"8":{"name":"updateInterviewActionOnlyStatus","decl":{"start":{"line":77,"column":22},"end":{"line":77,"column":53}},"loc":{"start":{"line":77,"column":100},"end":{"line":83,"column":1}}},"9":{"name":"deleteInterviewAction","decl":{"start":{"line":85,"column":22},"end":{"line":85,"column":43}},"loc":{"start":{"line":85,"column":86},"end":{"line":94,"column":1}}},"10":{"name":"findPercentageOfSuccessfulInterviews","decl":{"start":{"line":96,"column":22},"end":{"line":96,"column":58}},"loc":{"start":{"line":96,"column":77},"end":{"line":106,"column":1}}},"11":{"name":"(anonymous_11)","decl":{"start":{"line":98,"column":37},"end":{"line":98,"column":44}},"loc":{"start":{"line":98,"column":48},"end":{"line":98,"column":77}}},"12":{"name":"(anonymous_12)","decl":{"start":{"line":99,"column":38},"end":{"line":99,"column":45}},"loc":{"start":{"line":99,"column":49},"end":{"line":99,"column":78}}},"13":{"name":"findPercentageOfSuccessfulInterviewsPerPeriod","decl":{"start":{"line":108,"column":22},"end":{"line":108,"column":67}},"loc":{"start":{"line":108,"column":102},"end":{"line":128,"column":1}}},"14":{"name":"(anonymous_14)","decl":{"start":{"line":110,"column":37},"end":{"line":110,"column":44}},"loc":{"start":{"line":110,"column":48},"end":{"line":110,"column":77}}},"15":{"name":"(anonymous_15)","decl":{"start":{"line":111,"column":38},"end":{"line":111,"column":45}},"loc":{"start":{"line":111,"column":49},"end":{"line":111,"column":78}}},"16":{"name":"(anonymous_16)","decl":{"start":{"line":113,"column":40},"end":{"line":113,"column":47}},"loc":{"start":{"line":113,"column":50},"end":{"line":116,"column":3}}},"17":{"name":"(anonymous_17)","decl":{"start":{"line":117,"column":42},"end":{"line":117,"column":49}},"loc":{"start":{"line":117,"column":52},"end":{"line":120,"column":3}}}},"branchMap":{"0":{"loc":{"start":{"line":37,"column":2},"end":{"line":39,"column":null}},"type":"if","locations":[{"start":{"line":37,"column":2},"end":{"line":39,"column":null}},{"start":{"line":37,"column":2},"end":{"line":39,"column":null}}]},"1":{"loc":{"start":{"line":37,"column":6},"end":{"line":37,"column":23}},"type":"binary-expr","locations":[{"start":{"line":37,"column":6},"end":{"line":37,"column":23}},{"start":{"line":37,"column":27},"end":{"line":37,"column":46}},{"start":{"line":37,"column":50},"end":{"line":37,"column":65}}]},"2":{"loc":{"start":{"line":53,"column":2},"end":{"line":55,"column":null}},"type":"if","locations":[{"start":{"line":53,"column":2},"end":{"line":55,"column":null}},{"start":{"line":53,"column":2},"end":{"line":55,"column":null}}]},"3":{"loc":{"start":{"line":56,"column":2},"end":{"line":58,"column":null}},"type":"if","locations":[{"start":{"line":56,"column":2},"end":{"line":58,"column":null}},{"start":{"line":56,"column":2},"end":{"line":58,"column":null}}]},"4":{"loc":{"start":{"line":56,"column":6},"end":{"line":56,"column":23}},"type":"binary-expr","locations":[{"start":{"line":56,"column":6},"end":{"line":56,"column":23}},{"start":{"line":56,"column":27},"end":{"line":56,"column":46}},{"start":{"line":56,"column":50},"end":{"line":56,"column":65}}]},"5":{"loc":{"start":{"line":88,"column":2},"end":{"line":90,"column":null}},"type":"if","locations":[{"start":{"line":88,"column":2},"end":{"line":90,"column":null}},{"start":{"line":88,"column":2},"end":{"line":90,"column":null}}]},"6":{"loc":{"start":{"line":115,"column":11},"end":{"line":115,"column":24}},"type":"binary-expr","locations":[{"start":{"line":115,"column":11},"end":{"line":115,"column":24}},{"start":{"line":115,"column":28},"end":{"line":115,"column":36}}]},"7":{"loc":{"start":{"line":119,"column":11},"end":{"line":119,"column":24}},"type":"binary-expr","locations":[{"start":{"line":119,"column":11},"end":{"line":119,"column":24}},{"start":{"line":119,"column":28},"end":{"line":119,"column":36}}]}},"s":{"0":1,"1":1,"2":1,"3":1,"4":2,"5":1,"6":1,"7":1,"8":1,"9":2,"10":2,"11":8,"12":1,"13":2,"14":2,"15":8,"16":1,"17":2,"18":2,"19":1,"20":1,"21":1,"22":1,"23":1,"24":1,"25":4,"26":4,"27":3,"28":1,"29":2,"30":1,"31":1,"32":1,"33":1,"34":1,"35":1,"36":1,"37":1,"38":1,"39":1,"40":1,"41":1,"42":1,"43":1,"44":1,"45":1,"46":1,"47":1,"48":3,"49":2,"50":1,"51":1,"52":1,"53":1,"54":1,"55":1,"56":3,"57":1,"58":3,"59":1,"60":1,"61":1,"62":1,"63":1,"64":4,"65":1,"66":4,"67":1,"68":3,"69":3,"70":1,"71":1,"72":1,"73":1,"74":1,"75":1},"f":{"0":2,"1":1,"2":2,"3":8,"4":2,"5":8,"6":2,"7":4,"8":1,"9":3,"10":1,"11":3,"12":3,"13":1,"14":4,"15":4,"16":3,"17":1},"b":{"0":[1,1],"1":[2,1,1],"2":[1,2],"3":[1,1],"4":[2,1,1],"5":[1,1],"6":[3,3],"7":[1,1]}}
,"C:\\Users\\LC\\OneDrive\\Υπολογιστής\\reviewsystem-graphql-koa-ts-micro\\src\\lib\\actions\\ReviewActions.ts": {"path":"C:\\Users\\LC\\OneDrive\\Υπολογιστής\\reviewsystem-graphql-koa-ts-micro\\src\\lib\\actions\\ReviewActions.ts","statementMap":{"0":{"start":{"line":1,"column":0},"end":{"line":1,"column":59}},"1":{"start":{"line":3,"column":0},"end":{"line":3,"column":50}},"2":{"start":{"line":4,"column":0},"end":{"line":4,"column":50}},"3":{"start":{"line":5,"column":0},"end":{"line":5,"column":46}},"4":{"start":{"line":6,"column":0},"end":{"line":6,"column":59}},"5":{"start":{"line":9,"column":2},"end":{"line":9,"column":null}},"6":{"start":{"line":8,"column":0},"end":{"line":8,"column":7}},"7":{"start":{"line":13,"column":18},"end":{"line":13,"column":69}},"8":{"start":{"line":14,"column":2},"end":{"line":14,"column":null}},"9":{"start":{"line":14,"column":35},"end":{"line":14,"column":86}},"10":{"start":{"line":12,"column":0},"end":{"line":12,"column":7}},"11":{"start":{"line":18,"column":18},"end":{"line":18,"column":69}},"12":{"start":{"line":19,"column":2},"end":{"line":19,"column":null}},"13":{"start":{"line":19,"column":35},"end":{"line":19,"column":73}},"14":{"start":{"line":17,"column":0},"end":{"line":17,"column":7}},"15":{"start":{"line":23,"column":15},"end":{"line":23,"column":70}},"16":{"start":{"line":24,"column":17},"end":{"line":24,"column":70}},"17":{"start":{"line":26,"column":17},"end":{"line":26,"column":81}},"18":{"start":{"line":27,"column":2},"end":{"line":27,"column":null}},"19":{"start":{"line":28,"column":2},"end":{"line":28,"column":null}},"20":{"start":{"line":22,"column":0},"end":{"line":22,"column":7}},"21":{"start":{"line":32,"column":15},"end":{"line":32,"column":70}},"22":{"start":{"line":33,"column":17},"end":{"line":33,"column":70}},"23":{"start":{"line":34,"column":17},"end":{"line":34,"column":81}},"24":{"start":{"line":36,"column":2},"end":{"line":36,"column":null}},"25":{"start":{"line":37,"column":2},"end":{"line":37,"column":null}},"26":{"start":{"line":38,"column":2},"end":{"line":38,"column":null}},"27":{"start":{"line":39,"column":2},"end":{"line":39,"column":null}},"28":{"start":{"line":40,"column":2},"end":{"line":40,"column":null}},"29":{"start":{"line":41,"column":2},"end":{"line":41,"column":null}},"30":{"start":{"line":42,"column":2},"end":{"line":42,"column":null}},"31":{"start":{"line":43,"column":2},"end":{"line":43,"column":null}},"32":{"start":{"line":45,"column":2},"end":{"line":45,"column":null}},"33":{"start":{"line":46,"column":2},"end":{"line":46,"column":null}},"34":{"start":{"line":31,"column":0},"end":{"line":31,"column":7}},"35":{"start":{"line":50,"column":17},"end":{"line":50,"column":81}},"36":{"start":{"line":52,"column":2},"end":{"line":52,"column":null}},"37":{"start":{"line":53,"column":2},"end":{"line":53,"column":null}},"38":{"start":{"line":49,"column":0},"end":{"line":49,"column":7}}},"fnMap":{"0":{"name":"getReviewsAction","decl":{"start":{"line":8,"column":22},"end":{"line":8,"column":38}},"loc":{"start":{"line":8,"column":57},"end":{"line":10,"column":1}}},"1":{"name":"getReviewsOfActiveInternsAction","decl":{"start":{"line":12,"column":22},"end":{"line":12,"column":53}},"loc":{"start":{"line":12,"column":72},"end":{"line":15,"column":1}}},"2":{"name":"(anonymous_2)","decl":{"start":{"line":14,"column":24},"end":{"line":14,"column":31}},"loc":{"start":{"line":14,"column":35},"end":{"line":14,"column":86}}},"3":{"name":"getReviewsByStatusAction","decl":{"start":{"line":17,"column":22},"end":{"line":17,"column":46}},"loc":{"start":{"line":17,"column":81},"end":{"line":20,"column":1}}},"4":{"name":"(anonymous_4)","decl":{"start":{"line":19,"column":24},"end":{"line":19,"column":31}},"loc":{"start":{"line":19,"column":35},"end":{"line":19,"column":73}}},"5":{"name":"createReviewAction","decl":{"start":{"line":22,"column":22},"end":{"line":22,"column":40}},"loc":{"start":{"line":22,"column":82},"end":{"line":29,"column":1}}},"6":{"name":"updateReviewAction","decl":{"start":{"line":31,"column":22},"end":{"line":31,"column":40}},"loc":{"start":{"line":31,"column":94},"end":{"line":47,"column":1}}},"7":{"name":"deleteReviewAction","decl":{"start":{"line":49,"column":22},"end":{"line":49,"column":40}},"loc":{"start":{"line":49,"column":71},"end":{"line":54,"column":1}}}},"branchMap":{},"s":{"0":1,"1":1,"2":1,"3":1,"4":1,"5":2,"6":1,"7":1,"8":1,"9":4,"10":1,"11":2,"12":2,"13":8,"14":1,"15":1,"16":1,"17":1,"18":1,"19":1,"20":1,"21":2,"22":2,"23":2,"24":1,"25":1,"26":1,"27":1,"28":1,"29":1,"30":1,"31":1,"32":1,"33":1,"34":1,"35":2,"36":1,"37":1,"38":1},"f":{"0":2,"1":1,"2":4,"3":2,"4":8,"5":1,"6":2,"7":2},"b":{}}
,"C:\\Users\\LC\\OneDrive\\Υπολογιστής\\reviewsystem-graphql-koa-ts-micro\\src\\lib\\actions\\UserActions.ts": {"path":"C:\\Users\\LC\\OneDrive\\Υπολογιστής\\reviewsystem-graphql-koa-ts-micro\\src\\lib\\actions\\UserActions.ts","statementMap":{"0":{"start":{"line":3,"column":0},"end":{"line":3,"column":46}},"1":{"start":{"line":6,"column":2},"end":{"line":6,"column":null}},"2":{"start":{"line":5,"column":0},"end":{"line":5,"column":7}}},"fnMap":{"0":{"name":"getUsersAction","decl":{"start":{"line":5,"column":22},"end":{"line":5,"column":36}},"loc":{"start":{"line":5,"column":55},"end":{"line":7,"column":1}}}},"branchMap":{},"s":{"0":1,"1":1,"2":1},"f":{"0":1},"b":{}}
,"C:\\Users\\LC\\OneDrive\\Υπολογιστής\\reviewsystem-graphql-koa-ts-micro\\src\\types\\entities\\Candidate.ts": {"path":"C:\\Users\\LC\\OneDrive\\Υπολογιστής\\reviewsystem-graphql-koa-ts-micro\\src\\types\\entities\\Candidate.ts","statementMap":{"0":{"start":{"line":1,"column":0},"end":{"line":1,"column":108}},"1":{"start":{"line":2,"column":0},"end":{"line":2,"column":52}},"2":{"start":{"line":4,"column":0},"end":{"line":4,"column":25}},"3":{"start":{"line":6,"column":0},"end":{"line":6,"column":56}},"4":{"start":{"line":7,"column":0},"end":{"line":7,"column":44}},"5":{"start":{"line":8,"column":0},"end":{"line":8,"column":40}},"6":{"start":{"line":9,"column":0},"end":{"line":9,"column":39}},"7":{"start":{"line":13,"column":0},"end":{"line":50,"column":null}},"8":{"start":{"line":16,"column":2},"end":{"line":16,"column":null}},"9":{"start":{"line":49,"column":2},"end":{"line":49,"column":null}},"10":{"start":{"line":15,"column":15},"end":{"line":15,"column":17}},"11":{"start":{"line":20,"column":2},"end":{"line":20,"column":null}},"12":{"start":{"line":25,"column":2},"end":{"line":25,"column":null}},"13":{"start":{"line":29,"column":2},"end":{"line":29,"column":null}},"14":{"start":{"line":33,"column":2},"end":{"line":33,"column":null}},"15":{"start":{"line":31,"column":14},"end":{"line":31,"column":22}},"16":{"start":{"line":32,"column":15},"end":{"line":32,"column":23}},"17":{"start":{"line":37,"column":2},"end":{"line":37,"column":null}},"18":{"start":{"line":35,"column":14},"end":{"line":35,"column":28}},"19":{"start":{"line":36,"column":15},"end":{"line":36,"column":29}},"20":{"start":{"line":41,"column":2},"end":{"line":41,"column":null}},"21":{"start":{"line":45,"column":2},"end":{"line":45,"column":null}},"22":{"start":{"line":43,"column":14},"end":{"line":43,"column":20}},"23":{"start":{"line":44,"column":15},"end":{"line":44,"column":21}},"24":{"start":{"line":47,"column":19},"end":{"line":47,"column":28}},"25":{"start":{"line":47,"column":39},"end":{"line":47,"column":54}},"26":{"start":{"line":48,"column":15},"end":{"line":48,"column":26}},"27":{"start":{"line":13,"column":13},"end":{"line":50,"column":null}},"28":{"start":{"line":13,"column":13},"end":{"line":13,"column":22}}},"fnMap":{"0":{"name":"(anonymous_2)","decl":{"start":{"line":13,"column":0},"end":{"line":13,"column":13}},"loc":{"start":{"line":13,"column":0},"end":{"line":50,"column":1}}},"1":{"name":"(anonymous_3)","decl":{"start":{"line":15,"column":9},"end":{"line":15,"column":12}},"loc":{"start":{"line":15,"column":15},"end":{"line":15,"column":17}}},"2":{"name":"(anonymous_4)","decl":{"start":{"line":31,"column":8},"end":{"line":31,"column":11}},"loc":{"start":{"line":31,"column":14},"end":{"line":31,"column":22}}},"3":{"name":"(anonymous_5)","decl":{"start":{"line":32,"column":9},"end":{"line":32,"column":12}},"loc":{"start":{"line":32,"column":15},"end":{"line":32,"column":23}}},"4":{"name":"(anonymous_6)","decl":{"start":{"line":35,"column":8},"end":{"line":35,"column":11}},"loc":{"start":{"line":35,"column":14},"end":{"line":35,"column":28}}},"5":{"name":"(anonymous_7)","decl":{"start":{"line":36,"column":9},"end":{"line":36,"column":12}},"loc":{"start":{"line":36,"column":15},"end":{"line":36,"column":29}}},"6":{"name":"(anonymous_8)","decl":{"start":{"line":43,"column":8},"end":{"line":43,"column":11}},"loc":{"start":{"line":43,"column":14},"end":{"line":43,"column":20}}},"7":{"name":"(anonymous_9)","decl":{"start":{"line":44,"column":9},"end":{"line":44,"column":12}},"loc":{"start":{"line":44,"column":15},"end":{"line":44,"column":21}}},"8":{"name":"(anonymous_10)","decl":{"start":{"line":47,"column":13},"end":{"line":47,"column":16}},"loc":{"start":{"line":47,"column":19},"end":{"line":47,"column":28}}},"9":{"name":"(anonymous_11)","decl":{"start":{"line":47,"column":30},"end":{"line":47,"column":35}},"loc":{"start":{"line":47,"column":39},"end":{"line":47,"column":54}}},"10":{"name":"(anonymous_12)","decl":{"start":{"line":48,"column":9},"end":{"line":48,"column":12}},"loc":{"start":{"line":48,"column":15},"end":{"line":48,"column":26}}}},"branchMap":{},"s":{"0":5,"1":5,"2":5,"3":5,"4":5,"5":5,"6":5,"7":5,"8":67,"9":67,"10":0,"11":5,"12":5,"13":5,"14":5,"15":10,"16":0,"17":5,"18":10,"19":0,"20":5,"21":5,"22":10,"23":0,"24":20,"25":5,"26":0,"27":5,"28":5},"f":{"0":62,"1":0,"2":10,"3":0,"4":10,"5":0,"6":10,"7":0,"8":20,"9":5,"10":0},"b":{}}
,"C:\\Users\\LC\\OneDrive\\Υπολογιστής\\reviewsystem-graphql-koa-ts-micro\\src\\types\\entities\\Intern.ts": {"path":"C:\\Users\\LC\\OneDrive\\Υπολογιστής\\reviewsystem-graphql-koa-ts-micro\\src\\types\\entities\\Intern.ts","statementMap":{"0":{"start":{"line":1,"column":0},"end":{"line":1,"column":119}},"1":{"start":{"line":2,"column":0},"end":{"line":2,"column":52}},"2":{"start":{"line":4,"column":0},"end":{"line":4,"column":25}},"3":{"start":{"line":6,"column":0},"end":{"line":6,"column":44}},"4":{"start":{"line":7,"column":0},"end":{"line":7,"column":29}},"5":{"start":{"line":8,"column":0},"end":{"line":8,"column":33}},"6":{"start":{"line":9,"column":0},"end":{"line":9,"column":52}},"7":{"start":{"line":13,"column":0},"end":{"line":63,"column":null}},"8":{"start":{"line":16,"column":2},"end":{"line":16,"column":null}},"9":{"start":{"line":62,"column":2},"end":{"line":62,"column":null}},"10":{"start":{"line":15,"column":15},"end":{"line":15,"column":17}},"11":{"start":{"line":21,"column":2},"end":{"line":21,"column":null}},"12":{"start":{"line":26,"column":2},"end":{"line":26,"column":null}},"13":{"start":{"line":30,"column":2},"end":{"line":30,"column":null}},"14":{"start":{"line":34,"column":2},"end":{"line":34,"column":null}},"15":{"start":{"line":32,"column":14},"end":{"line":32,"column":22}},"16":{"start":{"line":33,"column":15},"end":{"line":33,"column":23}},"17":{"start":{"line":38,"column":2},"end":{"line":38,"column":null}},"18":{"start":{"line":42,"column":2},"end":{"line":42,"column":null}},"19":{"start":{"line":46,"column":2},"end":{"line":46,"column":null}},"20":{"start":{"line":44,"column":19},"end":{"line":44,"column":23}},"21":{"start":{"line":45,"column":15},"end":{"line":45,"column":19}},"22":{"start":{"line":50,"column":2},"end":{"line":50,"column":null}},"23":{"start":{"line":54,"column":2},"end":{"line":54,"column":null}},"24":{"start":{"line":58,"column":2},"end":{"line":58,"column":null}},"25":{"start":{"line":56,"column":14},"end":{"line":56,"column":26}},"26":{"start":{"line":57,"column":15},"end":{"line":57,"column":27}},"27":{"start":{"line":60,"column":19},"end":{"line":60,"column":25}},"28":{"start":{"line":60,"column":34},"end":{"line":60,"column":44}},"29":{"start":{"line":61,"column":15},"end":{"line":61,"column":23}},"30":{"start":{"line":13,"column":13},"end":{"line":63,"column":null}},"31":{"start":{"line":13,"column":13},"end":{"line":13,"column":19}}},"fnMap":{"0":{"name":"(anonymous_2)","decl":{"start":{"line":13,"column":0},"end":{"line":13,"column":13}},"loc":{"start":{"line":13,"column":0},"end":{"line":63,"column":1}}},"1":{"name":"(anonymous_3)","decl":{"start":{"line":15,"column":9},"end":{"line":15,"column":12}},"loc":{"start":{"line":15,"column":15},"end":{"line":15,"column":17}}},"2":{"name":"(anonymous_4)","decl":{"start":{"line":32,"column":8},"end":{"line":32,"column":11}},"loc":{"start":{"line":32,"column":14},"end":{"line":32,"column":22}}},"3":{"name":"(anonymous_5)","decl":{"start":{"line":33,"column":9},"end":{"line":33,"column":12}},"loc":{"start":{"line":33,"column":15},"end":{"line":33,"column":23}}},"4":{"name":"(anonymous_6)","decl":{"start":{"line":44,"column":13},"end":{"line":44,"column":16}},"loc":{"start":{"line":44,"column":19},"end":{"line":44,"column":23}}},"5":{"name":"(anonymous_7)","decl":{"start":{"line":45,"column":9},"end":{"line":45,"column":12}},"loc":{"start":{"line":45,"column":15},"end":{"line":45,"column":19}}},"6":{"name":"(anonymous_8)","decl":{"start":{"line":56,"column":8},"end":{"line":56,"column":11}},"loc":{"start":{"line":56,"column":14},"end":{"line":56,"column":26}}},"7":{"name":"(anonymous_9)","decl":{"start":{"line":57,"column":9},"end":{"line":57,"column":12}},"loc":{"start":{"line":57,"column":15},"end":{"line":57,"column":27}}},"8":{"name":"(anonymous_10)","decl":{"start":{"line":60,"column":13},"end":{"line":60,"column":16}},"loc":{"start":{"line":60,"column":19},"end":{"line":60,"column":25}}},"9":{"name":"(anonymous_11)","decl":{"start":{"line":60,"column":27},"end":{"line":60,"column":30}},"loc":{"start":{"line":60,"column":34},"end":{"line":60,"column":44}}},"10":{"name":"(anonymous_12)","decl":{"start":{"line":61,"column":9},"end":{"line":61,"column":12}},"loc":{"start":{"line":61,"column":15},"end":{"line":61,"column":23}}}},"branchMap":{},"s":{"0":5,"1":5,"2":5,"3":5,"4":5,"5":5,"6":5,"7":5,"8":53,"9":53,"10":0,"11":5,"12":5,"13":5,"14":5,"15":10,"16":0,"17":5,"18":5,"19":5,"20":20,"21":0,"22":5,"23":5,"24":5,"25":10,"26":0,"27":20,"28":5,"29":0,"30":5,"31":5},"f":{"0":48,"1":0,"2":10,"3":0,"4":20,"5":0,"6":10,"7":0,"8":20,"9":5,"10":0},"b":{}}
,"C:\\Users\\LC\\OneDrive\\Υπολογιστής\\reviewsystem-graphql-koa-ts-micro\\src\\types\\entities\\Interview.ts": {"path":"C:\\Users\\LC\\OneDrive\\Υπολογιστής\\reviewsystem-graphql-koa-ts-micro\\src\\types\\entities\\Interview.ts","statementMap":{"0":{"start":{"line":1,"column":0},"end":{"line":1,"column":79}},"1":{"start":{"line":2,"column":0},"end":{"line":2,"column":52}},"2":{"start":{"line":3,"column":0},"end":{"line":3,"column":25}},"3":{"start":{"line":5,"column":0},"end":{"line":5,"column":40}},"4":{"start":{"line":6,"column":0},"end":{"line":6,"column":39}},"5":{"start":{"line":7,"column":0},"end":{"line":7,"column":29}},"6":{"start":{"line":11,"column":0},"end":{"line":51,"column":null}},"7":{"start":{"line":14,"column":2},"end":{"line":14,"column":null}},"8":{"start":{"line":13,"column":15},"end":{"line":13,"column":17}},"9":{"start":{"line":18,"column":2},"end":{"line":18,"column":null}},"10":{"start":{"line":16,"column":19},"end":{"line":16,"column":28}},"11":{"start":{"line":17,"column":15},"end":{"line":17,"column":24}},"12":{"start":{"line":22,"column":2},"end":{"line":22,"column":null}},"13":{"start":{"line":20,"column":19},"end":{"line":20,"column":23}},"14":{"start":{"line":21,"column":15},"end":{"line":21,"column":19}},"15":{"start":{"line":26,"column":2},"end":{"line":26,"column":null}},"16":{"start":{"line":30,"column":2},"end":{"line":30,"column":null}},"17":{"start":{"line":34,"column":2},"end":{"line":34,"column":null}},"18":{"start":{"line":38,"column":2},"end":{"line":38,"column":null}},"19":{"start":{"line":42,"column":2},"end":{"line":42,"column":null}},"20":{"start":{"line":46,"column":2},"end":{"line":46,"column":null}},"21":{"start":{"line":50,"column":2},"end":{"line":50,"column":null}},"22":{"start":{"line":48,"column":14},"end":{"line":48,"column":20}},"23":{"start":{"line":49,"column":15},"end":{"line":49,"column":21}},"24":{"start":{"line":11,"column":13},"end":{"line":51,"column":null}},"25":{"start":{"line":11,"column":13},"end":{"line":11,"column":22}}},"fnMap":{"0":{"name":"(anonymous_2)","decl":{"start":{"line":11,"column":0},"end":{"line":11,"column":13}},"loc":{"start":{"line":11,"column":0},"end":{"line":51,"column":1}}},"1":{"name":"(anonymous_3)","decl":{"start":{"line":13,"column":9},"end":{"line":13,"column":12}},"loc":{"start":{"line":13,"column":15},"end":{"line":13,"column":17}}},"2":{"name":"(anonymous_4)","decl":{"start":{"line":16,"column":13},"end":{"line":16,"column":16}},"loc":{"start":{"line":16,"column":19},"end":{"line":16,"column":28}}},"3":{"name":"(anonymous_5)","decl":{"start":{"line":17,"column":9},"end":{"line":17,"column":12}},"loc":{"start":{"line":17,"column":15},"end":{"line":17,"column":24}}},"4":{"name":"(anonymous_6)","decl":{"start":{"line":20,"column":13},"end":{"line":20,"column":16}},"loc":{"start":{"line":20,"column":19},"end":{"line":20,"column":23}}},"5":{"name":"(anonymous_7)","decl":{"start":{"line":21,"column":9},"end":{"line":21,"column":12}},"loc":{"start":{"line":21,"column":15},"end":{"line":21,"column":19}}},"6":{"name":"(anonymous_8)","decl":{"start":{"line":48,"column":8},"end":{"line":48,"column":11}},"loc":{"start":{"line":48,"column":14},"end":{"line":48,"column":20}}},"7":{"name":"(anonymous_9)","decl":{"start":{"line":49,"column":9},"end":{"line":49,"column":12}},"loc":{"start":{"line":49,"column":15},"end":{"line":49,"column":21}}}},"branchMap":{},"s":{"0":5,"1":5,"2":5,"3":5,"4":5,"5":5,"6":5,"7":44,"8":0,"9":5,"10":20,"11":0,"12":5,"13":20,"14":0,"15":5,"16":5,"17":5,"18":5,"19":5,"20":5,"21":5,"22":10,"23":0,"24":5,"25":5},"f":{"0":39,"1":0,"2":20,"3":0,"4":20,"5":0,"6":10,"7":0},"b":{}}
,"C:\\Users\\LC\\OneDrive\\Υπολογιστής\\reviewsystem-graphql-koa-ts-micro\\src\\types\\entities\\PaginatedCandidates.ts": {"path":"C:\\Users\\LC\\OneDrive\\Υπολογιστής\\reviewsystem-graphql-koa-ts-micro\\src\\types\\entities\\PaginatedCandidates.ts","statementMap":{"0":{"start":{"line":1,"column":0},"end":{"line":1,"column":42}},"1":{"start":{"line":2,"column":0},"end":{"line":2,"column":48}},"2":{"start":{"line":3,"column":0},"end":{"line":3,"column":39}},"3":{"start":{"line":6,"column":0},"end":{"line":14,"column":null}},"4":{"start":{"line":9,"column":2},"end":{"line":9,"column":null}},"5":{"start":{"line":8,"column":15},"end":{"line":8,"column":26}},"6":{"start":{"line":13,"column":2},"end":{"line":13,"column":null}},"7":{"start":{"line":6,"column":13},"end":{"line":14,"column":null}},"8":{"start":{"line":6,"column":13},"end":{"line":6,"column":32}}},"fnMap":{"0":{"name":"(anonymous_2)","decl":{"start":{"line":8,"column":9},"end":{"line":8,"column":12}},"loc":{"start":{"line":8,"column":15},"end":{"line":8,"column":26}}}},"branchMap":{},"s":{"0":5,"1":5,"2":5,"3":5,"4":5,"5":0,"6":5,"7":5,"8":5},"f":{"0":0},"b":{}}
,"C:\\Users\\LC\\OneDrive\\Υπολογιστής\\reviewsystem-graphql-koa-ts-micro\\src\\types\\entities\\Review.ts": {"path":"C:\\Users\\LC\\OneDrive\\Υπολογιστής\\reviewsystem-graphql-koa-ts-micro\\src\\types\\entities\\Review.ts","statementMap":{"0":{"start":{"line":1,"column":0},"end":{"line":1,"column":73}},"1":{"start":{"line":2,"column":0},"end":{"line":2,"column":52}},"2":{"start":{"line":3,"column":0},"end":{"line":3,"column":25}},"3":{"start":{"line":5,"column":0},"end":{"line":5,"column":33}},"4":{"start":{"line":6,"column":0},"end":{"line":6,"column":29}},"5":{"start":{"line":10,"column":0},"end":{"line":46,"column":null}},"6":{"start":{"line":13,"column":2},"end":{"line":13,"column":null}},"7":{"start":{"line":12,"column":15},"end":{"line":12,"column":17}},"8":{"start":{"line":17,"column":2},"end":{"line":17,"column":null}},"9":{"start":{"line":15,"column":19},"end":{"line":15,"column":25}},"10":{"start":{"line":16,"column":15},"end":{"line":16,"column":21}},"11":{"start":{"line":21,"column":2},"end":{"line":21,"column":null}},"12":{"start":{"line":19,"column":19},"end":{"line":19,"column":23}},"13":{"start":{"line":20,"column":15},"end":{"line":20,"column":19}},"14":{"start":{"line":25,"column":2},"end":{"line":25,"column":null}},"15":{"start":{"line":29,"column":2},"end":{"line":29,"column":null}},"16":{"start":{"line":33,"column":2},"end":{"line":33,"column":null}},"17":{"start":{"line":37,"column":2},"end":{"line":37,"column":null}},"18":{"start":{"line":41,"column":2},"end":{"line":41,"column":null}},"19":{"start":{"line":45,"column":2},"end":{"line":45,"column":null}},"20":{"start":{"line":10,"column":13},"end":{"line":46,"column":null}},"21":{"start":{"line":10,"column":13},"end":{"line":10,"column":19}}},"fnMap":{"0":{"name":"(anonymous_2)","decl":{"start":{"line":10,"column":0},"end":{"line":10,"column":13}},"loc":{"start":{"line":10,"column":0},"end":{"line":46,"column":1}}},"1":{"name":"(anonymous_3)","decl":{"start":{"line":12,"column":9},"end":{"line":12,"column":12}},"loc":{"start":{"line":12,"column":15},"end":{"line":12,"column":17}}},"2":{"name":"(anonymous_4)","decl":{"start":{"line":15,"column":13},"end":{"line":15,"column":16}},"loc":{"start":{"line":15,"column":19},"end":{"line":15,"column":25}}},"3":{"name":"(anonymous_5)","decl":{"start":{"line":16,"column":9},"end":{"line":16,"column":12}},"loc":{"start":{"line":16,"column":15},"end":{"line":16,"column":21}}},"4":{"name":"(anonymous_6)","decl":{"start":{"line":19,"column":13},"end":{"line":19,"column":16}},"loc":{"start":{"line":19,"column":19},"end":{"line":19,"column":23}}},"5":{"name":"(anonymous_7)","decl":{"start":{"line":20,"column":9},"end":{"line":20,"column":12}},"loc":{"start":{"line":20,"column":15},"end":{"line":20,"column":19}}}},"branchMap":{},"s":{"0":5,"1":5,"2":5,"3":5,"4":5,"5":5,"6":23,"7":0,"8":5,"9":20,"10":0,"11":5,"12":20,"13":0,"14":5,"15":5,"16":5,"17":5,"18":5,"19":5,"20":5,"21":5},"f":{"0":18,"1":0,"2":20,"3":0,"4":20,"5":0},"b":{}}
,"C:\\Users\\LC\\OneDrive\\Υπολογιστής\\reviewsystem-graphql-koa-ts-micro\\src\\types\\entities\\Stats.ts": {"path":"C:\\Users\\LC\\OneDrive\\Υπολογιστής\\reviewsystem-graphql-koa-ts-micro\\src\\types\\entities\\Stats.ts","statementMap":{"0":{"start":{"line":1,"column":0},"end":{"line":1,"column":38}},"1":{"start":{"line":2,"column":0},"end":{"line":2,"column":48}},"2":{"start":{"line":3,"column":0},"end":{"line":3,"column":52}},"3":{"start":{"line":6,"column":0},"end":{"line":13,"column":null}},"4":{"start":{"line":8,"column":2},"end":{"line":8,"column":null}},"5":{"start":{"line":12,"column":2},"end":{"line":12,"column":null}},"6":{"start":{"line":10,"column":14},"end":{"line":10,"column":26}},"7":{"start":{"line":11,"column":15},"end":{"line":11,"column":27}},"8":{"start":{"line":6,"column":13},"end":{"line":13,"column":null}},"9":{"start":{"line":6,"column":13},"end":{"line":6,"column":18}}},"fnMap":{"0":{"name":"(anonymous_2)","decl":{"start":{"line":10,"column":8},"end":{"line":10,"column":11}},"loc":{"start":{"line":10,"column":14},"end":{"line":10,"column":26}}},"1":{"name":"(anonymous_3)","decl":{"start":{"line":11,"column":9},"end":{"line":11,"column":12}},"loc":{"start":{"line":11,"column":15},"end":{"line":11,"column":27}}}},"branchMap":{},"s":{"0":5,"1":5,"2":5,"3":5,"4":5,"5":5,"6":10,"7":0,"8":5,"9":5},"f":{"0":10,"1":0},"b":{}}
,"C:\\Users\\LC\\OneDrive\\Υπολογιστής\\reviewsystem-graphql-koa-ts-micro\\src\\types\\entities\\StatusStats.ts": {"path":"C:\\Users\\LC\\OneDrive\\Υπολογιστής\\reviewsystem-graphql-koa-ts-micro\\src\\types\\entities\\StatusStats.ts","statementMap":{"0":{"start":{"line":1,"column":0},"end":{"line":1,"column":38}},"1":{"start":{"line":2,"column":0},"end":{"line":2,"column":48}},"2":{"start":{"line":3,"column":0},"end":{"line":3,"column":40}},"3":{"start":{"line":6,"column":0},"end":{"line":13,"column":null}},"4":{"start":{"line":8,"column":2},"end":{"line":8,"column":null}},"5":{"start":{"line":12,"column":2},"end":{"line":12,"column":null}},"6":{"start":{"line":10,"column":14},"end":{"line":10,"column":20}},"7":{"start":{"line":11,"column":15},"end":{"line":11,"column":21}},"8":{"start":{"line":6,"column":13},"end":{"line":13,"column":null}},"9":{"start":{"line":6,"column":13},"end":{"line":6,"column":24}}},"fnMap":{"0":{"name":"(anonymous_2)","decl":{"start":{"line":10,"column":8},"end":{"line":10,"column":11}},"loc":{"start":{"line":10,"column":14},"end":{"line":10,"column":20}}},"1":{"name":"(anonymous_3)","decl":{"start":{"line":11,"column":9},"end":{"line":11,"column":12}},"loc":{"start":{"line":11,"column":15},"end":{"line":11,"column":21}}}},"branchMap":{},"s":{"0":5,"1":5,"2":5,"3":5,"4":5,"5":5,"6":10,"7":0,"8":5,"9":5},"f":{"0":10,"1":0},"b":{}}
,"C:\\Users\\LC\\OneDrive\\Υπολογιστής\\reviewsystem-graphql-koa-ts-micro\\src\\types\\entities\\User.ts": {"path":"C:\\Users\\LC\\OneDrive\\Υπολογιστής\\reviewsystem-graphql-koa-ts-micro\\src\\types\\entities\\User.ts","statementMap":{"0":{"start":{"line":1,"column":0},"end":{"line":1,"column":108}},"1":{"start":{"line":2,"column":0},"end":{"line":2,"column":52}},"2":{"start":{"line":3,"column":0},"end":{"line":3,"column":25}},"3":{"start":{"line":5,"column":0},"end":{"line":5,"column":44}},"4":{"start":{"line":6,"column":0},"end":{"line":6,"column":33}},"5":{"start":{"line":7,"column":0},"end":{"line":7,"column":39}},"6":{"start":{"line":8,"column":0},"end":{"line":8,"column":33}},"7":{"start":{"line":12,"column":0},"end":{"line":41,"column":null}},"8":{"start":{"line":15,"column":2},"end":{"line":15,"column":null}},"9":{"start":{"line":32,"column":2},"end":{"line":32,"column":null}},"10":{"start":{"line":36,"column":2},"end":{"line":36,"column":null}},"11":{"start":{"line":40,"column":2},"end":{"line":40,"column":null}},"12":{"start":{"line":14,"column":15},"end":{"line":14,"column":17}},"13":{"start":{"line":19,"column":2},"end":{"line":19,"column":null}},"14":{"start":{"line":24,"column":2},"end":{"line":24,"column":null}},"15":{"start":{"line":28,"column":2},"end":{"line":28,"column":null}},"16":{"start":{"line":26,"column":14},"end":{"line":26,"column":22}},"17":{"start":{"line":27,"column":15},"end":{"line":27,"column":23}},"18":{"start":{"line":30,"column":15},"end":{"line":30,"column":23}},"19":{"start":{"line":31,"column":19},"end":{"line":31,"column":25}},"20":{"start":{"line":31,"column":37},"end":{"line":31,"column":54}},"21":{"start":{"line":34,"column":15},"end":{"line":34,"column":26}},"22":{"start":{"line":35,"column":19},"end":{"line":35,"column":28}},"23":{"start":{"line":35,"column":37},"end":{"line":35,"column":52}},"24":{"start":{"line":38,"column":15},"end":{"line":38,"column":23}},"25":{"start":{"line":39,"column":19},"end":{"line":39,"column":25}},"26":{"start":{"line":39,"column":37},"end":{"line":39,"column":54}},"27":{"start":{"line":12,"column":13},"end":{"line":41,"column":null}},"28":{"start":{"line":12,"column":13},"end":{"line":12,"column":17}}},"fnMap":{"0":{"name":"(anonymous_2)","decl":{"start":{"line":12,"column":0},"end":{"line":12,"column":13}},"loc":{"start":{"line":12,"column":0},"end":{"line":41,"column":1}}},"1":{"name":"(anonymous_3)","decl":{"start":{"line":14,"column":9},"end":{"line":14,"column":12}},"loc":{"start":{"line":14,"column":15},"end":{"line":14,"column":17}}},"2":{"name":"(anonymous_4)","decl":{"start":{"line":26,"column":8},"end":{"line":26,"column":11}},"loc":{"start":{"line":26,"column":14},"end":{"line":26,"column":22}}},"3":{"name":"(anonymous_5)","decl":{"start":{"line":27,"column":9},"end":{"line":27,"column":12}},"loc":{"start":{"line":27,"column":15},"end":{"line":27,"column":23}}},"4":{"name":"(anonymous_6)","decl":{"start":{"line":30,"column":9},"end":{"line":30,"column":12}},"loc":{"start":{"line":30,"column":15},"end":{"line":30,"column":23}}},"5":{"name":"(anonymous_7)","decl":{"start":{"line":31,"column":13},"end":{"line":31,"column":16}},"loc":{"start":{"line":31,"column":19},"end":{"line":31,"column":25}}},"6":{"name":"(anonymous_8)","decl":{"start":{"line":31,"column":27},"end":{"line":31,"column":33}},"loc":{"start":{"line":31,"column":37},"end":{"line":31,"column":54}}},"7":{"name":"(anonymous_9)","decl":{"start":{"line":34,"column":9},"end":{"line":34,"column":12}},"loc":{"start":{"line":34,"column":15},"end":{"line":34,"column":26}}},"8":{"name":"(anonymous_10)","decl":{"start":{"line":35,"column":13},"end":{"line":35,"column":16}},"loc":{"start":{"line":35,"column":19},"end":{"line":35,"column":28}}},"9":{"name":"(anonymous_11)","decl":{"start":{"line":35,"column":30},"end":{"line":35,"column":33}},"loc":{"start":{"line":35,"column":37},"end":{"line":35,"column":52}}},"10":{"name":"(anonymous_12)","decl":{"start":{"line":38,"column":9},"end":{"line":38,"column":12}},"loc":{"start":{"line":38,"column":15},"end":{"line":38,"column":23}}},"11":{"name":"(anonymous_13)","decl":{"start":{"line":39,"column":13},"end":{"line":39,"column":16}},"loc":{"start":{"line":39,"column":19},"end":{"line":39,"column":25}}},"12":{"name":"(anonymous_14)","decl":{"start":{"line":39,"column":27},"end":{"line":39,"column":33}},"loc":{"start":{"line":39,"column":37},"end":{"line":39,"column":54}}}},"branchMap":{},"s":{"0":5,"1":5,"2":5,"3":5,"4":5,"5":5,"6":5,"7":5,"8":120,"9":120,"10":120,"11":120,"12":0,"13":5,"14":5,"15":5,"16":10,"17":0,"18":0,"19":20,"20":5,"21":0,"22":20,"23":5,"24":0,"25":20,"26":5,"27":5,"28":5},"f":{"0":115,"1":0,"2":10,"3":0,"4":0,"5":20,"6":5,"7":0,"8":20,"9":5,"10":0,"11":20,"12":5},"b":{}}
,"C:\\Users\\LC\\OneDrive\\Υπολογιστής\\reviewsystem-graphql-koa-ts-micro\\src\\types\\enums\\EmploymentType.ts": {"path":"C:\\Users\\LC\\OneDrive\\Υπολογιστής\\reviewsystem-graphql-koa-ts-micro\\src\\types\\enums\\EmploymentType.ts","statementMap":{"0":{"start":{"line":1,"column":0},"end":{"line":1,"column":47}},"1":{"start":{"line":3,"column":0},"end":{"line":3,"column":null}},"2":{"start":{"line":4,"column":2},"end":{"line":4,"column":null}},"3":{"start":{"line":5,"column":2},"end":{"line":5,"column":null}},"4":{"start":{"line":6,"column":2},"end":{"line":6,"column":null}},"5":{"start":{"line":9,"column":0},"end":{"line":11,"column":null}}},"fnMap":{"0":{"name":"(anonymous_0)","decl":{"start":{"line":3,"column":0},"end":{"line":3,"column":12}},"loc":{"start":{"line":3,"column":26},"end":{"line":7,"column":1}}}},"branchMap":{"0":{"loc":{"start":{"line":3,"column":12},"end":{"line":3,"column":26}},"type":"binary-expr","locations":[{"start":{"line":3,"column":12},"end":{"line":3,"column":26}},{"start":{"line":3,"column":12},"end":{"line":3,"column":null}}]}},"s":{"0":5,"1":5,"2":5,"3":5,"4":5,"5":5},"f":{"0":5},"b":{"0":[5,5]}}
,"C:\\Users\\LC\\OneDrive\\Υπολογιστής\\reviewsystem-graphql-koa-ts-micro\\src\\types\\enums\\InternStatus.ts": {"path":"C:\\Users\\LC\\OneDrive\\Υπολογιστής\\reviewsystem-graphql-koa-ts-micro\\src\\types\\enums\\InternStatus.ts","statementMap":{"0":{"start":{"line":1,"column":0},"end":{"line":1,"column":47}},"1":{"start":{"line":3,"column":0},"end":{"line":3,"column":null}},"2":{"start":{"line":4,"column":2},"end":{"line":4,"column":null}},"3":{"start":{"line":5,"column":2},"end":{"line":5,"column":null}},"4":{"start":{"line":6,"column":2},"end":{"line":6,"column":null}},"5":{"start":{"line":7,"column":2},"end":{"line":7,"column":null}},"6":{"start":{"line":10,"column":0},"end":{"line":12,"column":null}}},"fnMap":{"0":{"name":"(anonymous_0)","decl":{"start":{"line":3,"column":0},"end":{"line":3,"column":12}},"loc":{"start":{"line":3,"column":24},"end":{"line":8,"column":1}}}},"branchMap":{"0":{"loc":{"start":{"line":3,"column":12},"end":{"line":3,"column":24}},"type":"binary-expr","locations":[{"start":{"line":3,"column":12},"end":{"line":3,"column":24}},{"start":{"line":3,"column":12},"end":{"line":3,"column":null}}]}},"s":{"0":5,"1":5,"2":5,"3":5,"4":5,"5":5,"6":5},"f":{"0":5},"b":{"0":[5,5]}}
,"C:\\Users\\LC\\OneDrive\\Υπολογιστής\\reviewsystem-graphql-koa-ts-micro\\src\\types\\enums\\Position.ts": {"path":"C:\\Users\\LC\\OneDrive\\Υπολογιστής\\reviewsystem-graphql-koa-ts-micro\\src\\types\\enums\\Position.ts","statementMap":{"0":{"start":{"line":1,"column":0},"end":{"line":1,"column":47}},"1":{"start":{"line":3,"column":0},"end":{"line":3,"column":null}},"2":{"start":{"line":4,"column":2},"end":{"line":4,"column":null}},"3":{"start":{"line":5,"column":2},"end":{"line":5,"column":null}},"4":{"start":{"line":6,"column":2},"end":{"line":6,"column":null}},"5":{"start":{"line":7,"column":2},"end":{"line":7,"column":null}},"6":{"start":{"line":8,"column":2},"end":{"line":8,"column":null}},"7":{"start":{"line":9,"column":2},"end":{"line":9,"column":null}},"8":{"start":{"line":12,"column":0},"end":{"line":14,"column":null}}},"fnMap":{"0":{"name":"(anonymous_0)","decl":{"start":{"line":3,"column":0},"end":{"line":3,"column":12}},"loc":{"start":{"line":3,"column":20},"end":{"line":10,"column":1}}}},"branchMap":{"0":{"loc":{"start":{"line":3,"column":12},"end":{"line":3,"column":20}},"type":"binary-expr","locations":[{"start":{"line":3,"column":12},"end":{"line":3,"column":20}},{"start":{"line":3,"column":12},"end":{"line":3,"column":null}}]}},"s":{"0":5,"1":5,"2":5,"3":5,"4":5,"5":5,"6":5,"7":5,"8":5},"f":{"0":5},"b":{"0":[5,5]}}
,"C:\\Users\\LC\\OneDrive\\Υπολογιστής\\reviewsystem-graphql-koa-ts-micro\\src\\types\\enums\\Status.ts": {"path":"C:\\Users\\LC\\OneDrive\\Υπολογιστής\\reviewsystem-graphql-koa-ts-micro\\src\\types\\enums\\Status.ts","statementMap":{"0":{"start":{"line":1,"column":0},"end":{"line":1,"column":47}},"1":{"start":{"line":3,"column":0},"end":{"line":3,"column":null}},"2":{"start":{"line":4,"column":2},"end":{"line":4,"column":null}},"3":{"start":{"line":5,"column":2},"end":{"line":5,"column":null}},"4":{"start":{"line":6,"column":2},"end":{"line":6,"column":null}},"5":{"start":{"line":7,"column":2},"end":{"line":7,"column":null}},"6":{"start":{"line":10,"column":0},"end":{"line":12,"column":null}}},"fnMap":{"0":{"name":"(anonymous_0)","decl":{"start":{"line":3,"column":0},"end":{"line":3,"column":12}},"loc":{"start":{"line":3,"column":18},"end":{"line":8,"column":1}}}},"branchMap":{"0":{"loc":{"start":{"line":3,"column":12},"end":{"line":3,"column":18}},"type":"binary-expr","locations":[{"start":{"line":3,"column":12},"end":{"line":3,"column":18}},{"start":{"line":3,"column":12},"end":{"line":3,"column":null}}]}},"s":{"0":5,"1":5,"2":5,"3":5,"4":5,"5":5,"6":5},"f":{"0":5},"b":{"0":[5,5]}}
,"C:\\Users\\LC\\OneDrive\\Υπολογιστής\\reviewsystem-graphql-koa-ts-micro\\tests\\createConnection.ts": {"path":"C:\\Users\\LC\\OneDrive\\Υπολογιστής\\reviewsystem-graphql-koa-ts-micro\\tests\\createConnection.ts","statementMap":{"0":{"start":{"line":1,"column":0},"end":{"line":1,"column":42}},"1":{"start":{"line":6,"column":2},"end":{"line":20,"column":null}},"2":{"start":{"line":7,"column":4},"end":{"line":16,"column":null}},"3":{"start":{"line":18,"column":4},"end":{"line":18,"column":null}},"4":{"start":{"line":19,"column":4},"end":{"line":19,"column":null}},"5":{"start":{"line":22,"column":2},"end":{"line":22,"column":null}},"6":{"start":{"line":5,"column":0},"end":{"line":5,"column":7}},"7":{"start":{"line":26,"column":2},"end":{"line":28,"column":null}},"8":{"start":{"line":27,"column":4},"end":{"line":27,"column":null}},"9":{"start":{"line":29,"column":2},"end":{"line":29,"column":null}},"10":{"start":{"line":25,"column":0},"end":{"line":25,"column":7}}},"fnMap":{"0":{"name":"getConnection","decl":{"start":{"line":5,"column":22},"end":{"line":5,"column":35}},"loc":{"start":{"line":5,"column":35},"end":{"line":23,"column":1}}},"1":{"name":"closeConnection","decl":{"start":{"line":25,"column":22},"end":{"line":25,"column":37}},"loc":{"start":{"line":25,"column":37},"end":{"line":30,"column":1}}}},"branchMap":{"0":{"loc":{"start":{"line":6,"column":2},"end":{"line":20,"column":null}},"type":"if","locations":[{"start":{"line":6,"column":2},"end":{"line":20,"column":null}},{"start":{"line":6,"column":2},"end":{"line":20,"column":null}}]},"1":{"loc":{"start":{"line":26,"column":2},"end":{"line":28,"column":null}},"type":"if","locations":[{"start":{"line":26,"column":2},"end":{"line":28,"column":null}},{"start":{"line":26,"column":2},"end":{"line":28,"column":null}}]}},"s":{"0":5,"1":59,"2":5,"3":5,"4":5,"5":59,"6":5,"7":5,"8":5,"9":5,"10":5},"f":{"0":59,"1":5},"b":{"0":[5,54],"1":[5,0]}}
,"C:\\Users\\LC\\OneDrive\\Υπολογιστής\\reviewsystem-graphql-koa-ts-micro\\tests\\dbSetup.ts": {"path":"C:\\Users\\LC\\OneDrive\\Υπολογιστής\\reviewsystem-graphql-koa-ts-micro\\tests\\dbSetup.ts","statementMap":{"0":{"start":{"line":1,"column":0},"end":{"line":1,"column":67}},"1":{"start":{"line":3,"column":0},"end":{"line":5,"column":null}},"2":{"start":{"line":4,"column":2},"end":{"line":4,"column":null}},"3":{"start":{"line":7,"column":0},"end":{"line":9,"column":null}},"4":{"start":{"line":8,"column":2},"end":{"line":8,"column":null}}},"fnMap":{"0":{"name":"(anonymous_0)","decl":{"start":{"line":3,"column":10},"end":{"line":3,"column":15}},"loc":{"start":{"line":3,"column":21},"end":{"line":5,"column":1}}},"1":{"name":"(anonymous_1)","decl":{"start":{"line":7,"column":9},"end":{"line":7,"column":14}},"loc":{"start":{"line":7,"column":20},"end":{"line":9,"column":1}}}},"branchMap":{},"s":{"0":5,"1":5,"2":5,"3":5,"4":5},"f":{"0":5,"1":5},"b":{}}
}
