TN:
SF:src\lib\actions\CandidateActions.ts
FN:8,getCandidatesAction
FN:34,getCandidateByIdAction
FN:48,getCandidatesByStatusAction
FN:54,createCandidateAction
FN:63,updateCandidateAction
FN:78,deleteCandidateAction
FNF:6
FNH:6
FNDA:2,getCandidatesAction
FNDA:2,getCandidateByIdAction
FNDA:2,getCandidatesByStatusAction
FNDA:1,createCandidateAction
FNDA:2,updateCandidateAction
FNDA:2,deleteCandidateAction
DA:3,1
DA:8,1
DA:9,2
DA:10,2
DA:12,2
DA:30,2
DA:31,2
DA:34,1
DA:35,2
DA:36,1
DA:48,1
DA:49,2
DA:54,1
DA:58,1
DA:59,1
DA:60,1
DA:63,1
DA:64,2
DA:66,1
DA:67,1
DA:68,1
DA:69,1
DA:70,1
DA:71,1
DA:72,1
DA:74,1
DA:75,1
DA:78,1
DA:79,2
DA:81,1
DA:82,1
LF:31
LH:31
BRDA:10,0,0,2
BRDA:10,0,1,0
BRF:2
BRH:1
end_of_record
TN:
SF:src\lib\actions\InternActions.ts
FN:8,getInternsByStatusAction
FN:12,getInternsAction
FN:14,(anonymous_2)
FN:17,getInternByIdAction
FN:22,createInternAction
FN:30,updateInternAction
FN:51,updateInternActionOnlyStatus
FN:59,deleteInternAction
FN:66,findPercentageOfSuccessfulInterns
FN:68,(anonymous_9)
FN:69,(anonymous_10)
FN:79,findPercentageOfSuccessfulInternsPerPeriod
FN:81,(anonymous_12)
FN:82,(anonymous_13)
FN:84,(anonymous_14)
FN:88,(anonymous_15)
FNF:16
FNH:16
FNDA:2,getInternsByStatusAction
FNDA:1,getInternsAction
FNDA:5,(anonymous_2)
FNDA:2,getInternByIdAction
FNDA:1,createInternAction
FNDA:2,updateInternAction
FNDA:1,updateInternActionOnlyStatus
FNDA:2,deleteInternAction
FNDA:1,findPercentageOfSuccessfulInterns
FNDA:3,(anonymous_9)
FNDA:3,(anonymous_10)
FNDA:1,findPercentageOfSuccessfulInternsPerPeriod
FNDA:4,(anonymous_12)
FNDA:4,(anonymous_13)
FNDA:3,(anonymous_14)
FNDA:1,(anonymous_15)
DA:4,1
DA:5,1
DA:6,1
DA:8,1
DA:9,2
DA:12,1
DA:13,1
DA:14,5
DA:17,1
DA:18,2
DA:19,1
DA:22,1
DA:23,1
DA:25,1
DA:26,1
DA:27,1
DA:30,1
DA:31,2
DA:32,2
DA:34,1
DA:35,1
DA:36,1
DA:37,1
DA:38,1
DA:39,1
DA:40,1
DA:41,1
DA:42,1
DA:45,1
DA:47,1
DA:48,1
DA:51,1
DA:52,1
DA:54,1
DA:55,1
DA:56,1
DA:59,1
DA:60,2
DA:62,1
DA:63,1
DA:66,1
DA:67,1
DA:68,3
DA:69,3
DA:71,1
DA:75,1
DA:79,1
DA:80,1
DA:81,4
DA:82,4
DA:84,1
DA:85,3
DA:86,3
DA:88,1
DA:89,1
DA:90,1
DA:93,1
DA:98,1
LF:58
LH:58
BRDA:86,0,0,3
BRDA:86,0,1,3
BRDA:90,1,0,1
BRDA:90,1,1,1
BRF:4
BRH:4
end_of_record
TN:
SF:src\lib\actions\InterviewActions.ts
FN:12,getInterviewByIdAction
FN:17,getInterviewsByStatusAction
FN:21,getScheduledInterviewsAction
FN:23,(anonymous_3)
FN:26,getOldInterviewsAction
FN:28,(anonymous_5)
FN:31,createInterviewAction
FN:48,updateInterviewAction
FN:77,updateInterviewActionOnlyStatus
FN:85,deleteInterviewAction
FN:96,findPercentageOfSuccessfulInterviews
FN:98,(anonymous_11)
FN:99,(anonymous_12)
FN:108,findPercentageOfSuccessfulInterviewsPerPeriod
FN:110,(anonymous_14)
FN:111,(anonymous_15)
FN:113,(anonymous_16)
FN:117,(anonymous_17)
FNF:18
FNH:18
FNDA:2,getInterviewByIdAction
FNDA:1,getInterviewsByStatusAction
FNDA:2,getScheduledInterviewsAction
FNDA:8,(anonymous_3)
FNDA:2,getOldInterviewsAction
FNDA:8,(anonymous_5)
FNDA:2,createInterviewAction
FNDA:4,updateInterviewAction
FNDA:1,updateInterviewActionOnlyStatus
FNDA:3,deleteInterviewAction
FNDA:1,findPercentageOfSuccessfulInterviews
FNDA:3,(anonymous_11)
FNDA:3,(anonymous_12)
FNDA:1,findPercentageOfSuccessfulInterviewsPerPeriod
FNDA:4,(anonymous_14)
FNDA:4,(anonymous_15)
FNDA:3,(anonymous_16)
FNDA:1,(anonymous_17)
DA:2,1
DA:5,1
DA:6,1
DA:10,1
DA:12,1
DA:13,2
DA:14,1
DA:17,1
DA:18,1
DA:21,1
DA:22,2
DA:23,8
DA:26,1
DA:27,2
DA:28,8
DA:31,1
DA:33,2
DA:37,2
DA:38,1
DA:42,1
DA:43,1
DA:44,1
DA:45,1
DA:48,1
DA:50,4
DA:51,4
DA:53,3
DA:54,1
DA:56,2
DA:57,1
DA:61,1
DA:62,1
DA:63,1
DA:64,1
DA:65,1
DA:66,1
DA:67,1
DA:68,1
DA:71,1
DA:73,1
DA:74,1
DA:77,1
DA:78,1
DA:80,1
DA:81,1
DA:82,1
DA:85,1
DA:86,3
DA:88,2
DA:89,1
DA:92,1
DA:93,1
DA:96,1
DA:97,1
DA:98,3
DA:99,3
DA:100,1
DA:104,1
DA:108,1
DA:109,1
DA:110,4
DA:111,4
DA:113,1
DA:114,3
DA:115,3
DA:117,1
DA:118,1
DA:119,1
DA:122,1
DA:126,1
LF:70
LH:70
BRDA:37,0,0,1
BRDA:37,0,1,1
BRDA:37,1,0,2
BRDA:37,1,1,1
BRDA:37,1,2,1
BRDA:53,2,0,1
BRDA:53,2,1,2
BRDA:56,3,0,1
BRDA:56,3,1,1
BRDA:56,4,0,2
BRDA:56,4,1,1
BRDA:56,4,2,1
BRDA:88,5,0,1
BRDA:88,5,1,1
BRDA:115,6,0,3
BRDA:115,6,1,3
BRDA:119,7,0,1
BRDA:119,7,1,1
BRF:18
BRH:18
end_of_record
TN:
SF:src\lib\actions\ReviewActions.ts
FN:8,getReviewsAction
FN:12,getReviewsOfActiveInternsAction
FN:14,(anonymous_2)
FN:17,getReviewsByStatusAction
FN:19,(anonymous_4)
FN:22,createReviewAction
FN:31,updateReviewAction
FN:49,deleteReviewAction
FNF:8
FNH:8
FNDA:2,getReviewsAction
FNDA:1,getReviewsOfActiveInternsAction
FNDA:4,(anonymous_2)
FNDA:2,getReviewsByStatusAction
FNDA:8,(anonymous_4)
FNDA:1,createReviewAction
FNDA:2,updateReviewAction
FNDA:2,deleteReviewAction
DA:1,1
DA:3,1
DA:4,1
DA:5,1
DA:6,1
DA:8,1
DA:9,2
DA:12,1
DA:13,1
DA:14,4
DA:17,1
DA:18,2
DA:19,8
DA:22,1
DA:23,1
DA:24,1
DA:26,1
DA:27,1
DA:28,1
DA:31,1
DA:32,2
DA:33,2
DA:34,2
DA:36,1
DA:37,1
DA:38,1
DA:39,1
DA:40,1
DA:41,1
DA:42,1
DA:43,1
DA:45,1
DA:46,1
DA:49,1
DA:50,2
DA:52,1
DA:53,1
LF:37
LH:37
BRF:0
BRH:0
end_of_record
TN:
SF:src\lib\actions\UserActions.ts
FN:5,getUsersAction
FNF:1
FNH:1
FNDA:1,getUsersAction
DA:3,1
DA:5,1
DA:6,1
LF:3
LH:3
BRF:0
BRH:0
end_of_record
TN:
SF:src\types\entities\Candidate.ts
FN:13,(anonymous_2)
FN:15,(anonymous_3)
FN:31,(anonymous_4)
FN:32,(anonymous_5)
FN:35,(anonymous_6)
FN:36,(anonymous_7)
FN:43,(anonymous_8)
FN:44,(anonymous_9)
FN:47,(anonymous_10)
FN:47,(anonymous_11)
FN:48,(anonymous_12)
FNF:11
FNH:6
FNDA:62,(anonymous_2)
FNDA:0,(anonymous_3)
FNDA:10,(anonymous_4)
FNDA:0,(anonymous_5)
FNDA:10,(anonymous_6)
FNDA:0,(anonymous_7)
FNDA:10,(anonymous_8)
FNDA:0,(anonymous_9)
FNDA:20,(anonymous_10)
FNDA:5,(anonymous_11)
FNDA:0,(anonymous_12)
DA:1,5
DA:2,5
DA:4,5
DA:6,5
DA:7,5
DA:8,5
DA:9,5
DA:13,5
DA:15,0
DA:16,67
DA:20,5
DA:25,5
DA:29,5
DA:31,10
DA:32,0
DA:33,5
DA:35,10
DA:36,0
DA:37,5
DA:41,5
DA:43,10
DA:44,0
DA:45,5
DA:47,20
DA:48,0
DA:49,67
LF:26
LH:21
BRF:0
BRH:0
end_of_record
TN:
SF:src\types\entities\Intern.ts
FN:13,(anonymous_2)
FN:15,(anonymous_3)
FN:32,(anonymous_4)
FN:33,(anonymous_5)
FN:44,(anonymous_6)
FN:45,(anonymous_7)
FN:56,(anonymous_8)
FN:57,(anonymous_9)
FN:60,(anonymous_10)
FN:60,(anonymous_11)
FN:61,(anonymous_12)
FNF:11
FNH:6
FNDA:48,(anonymous_2)
FNDA:0,(anonymous_3)
FNDA:10,(anonymous_4)
FNDA:0,(anonymous_5)
FNDA:20,(anonymous_6)
FNDA:0,(anonymous_7)
FNDA:10,(anonymous_8)
FNDA:0,(anonymous_9)
FNDA:20,(anonymous_10)
FNDA:5,(anonymous_11)
FNDA:0,(anonymous_12)
DA:1,5
DA:2,5
DA:4,5
DA:6,5
DA:7,5
DA:8,5
DA:9,5
DA:13,5
DA:15,0
DA:16,53
DA:21,5
DA:26,5
DA:30,5
DA:32,10
DA:33,0
DA:34,5
DA:38,5
DA:42,5
DA:44,20
DA:45,0
DA:46,5
DA:50,5
DA:54,5
DA:56,10
DA:57,0
DA:58,5
DA:60,20
DA:61,0
DA:62,53
LF:29
LH:24
BRF:0
BRH:0
end_of_record
TN:
SF:src\types\entities\Interview.ts
FN:11,(anonymous_2)
FN:13,(anonymous_3)
FN:16,(anonymous_4)
FN:17,(anonymous_5)
FN:20,(anonymous_6)
FN:21,(anonymous_7)
FN:48,(anonymous_8)
FN:49,(anonymous_9)
FNF:8
FNH:4
FNDA:39,(anonymous_2)
FNDA:0,(anonymous_3)
FNDA:20,(anonymous_4)
FNDA:0,(anonymous_5)
FNDA:20,(anonymous_6)
FNDA:0,(anonymous_7)
FNDA:10,(anonymous_8)
FNDA:0,(anonymous_9)
DA:1,5
DA:2,5
DA:3,5
DA:5,5
DA:6,5
DA:7,5
DA:11,5
DA:13,0
DA:14,44
DA:16,20
DA:17,0
DA:18,5
DA:20,20
DA:21,0
DA:22,5
DA:26,5
DA:30,5
DA:34,5
DA:38,5
DA:42,5
DA:46,5
DA:48,10
DA:49,0
DA:50,5
LF:24
LH:20
BRF:0
BRH:0
end_of_record
TN:
SF:src\types\entities\PaginatedCandidates.ts
FN:8,(anonymous_2)
FNF:1
FNH:0
FNDA:0,(anonymous_2)
DA:1,5
DA:2,5
DA:3,5
DA:6,5
DA:8,0
DA:9,5
DA:13,5
LF:7
LH:6
BRF:0
BRH:0
end_of_record
TN:
SF:src\types\entities\Review.ts
FN:10,(anonymous_2)
FN:12,(anonymous_3)
FN:15,(anonymous_4)
FN:16,(anonymous_5)
FN:19,(anonymous_6)
FN:20,(anonymous_7)
FNF:6
FNH:3
FNDA:18,(anonymous_2)
FNDA:0,(anonymous_3)
FNDA:20,(anonymous_4)
FNDA:0,(anonymous_5)
FNDA:20,(anonymous_6)
FNDA:0,(anonymous_7)
DA:1,5
DA:2,5
DA:3,5
DA:5,5
DA:6,5
DA:10,5
DA:12,0
DA:13,23
DA:15,20
DA:16,0
DA:17,5
DA:19,20
DA:20,0
DA:21,5
DA:25,5
DA:29,5
DA:33,5
DA:37,5
DA:41,5
DA:45,5
LF:20
LH:17
BRF:0
BRH:0
end_of_record
TN:
SF:src\types\entities\Stats.ts
FN:10,(anonymous_2)
FN:11,(anonymous_3)
FNF:2
FNH:1
FNDA:10,(anonymous_2)
FNDA:0,(anonymous_3)
DA:1,5
DA:2,5
DA:3,5
DA:6,5
DA:8,5
DA:10,10
DA:11,0
DA:12,5
LF:8
LH:7
BRF:0
BRH:0
end_of_record
TN:
SF:src\types\entities\StatusStats.ts
FN:10,(anonymous_2)
FN:11,(anonymous_3)
FNF:2
FNH:1
FNDA:10,(anonymous_2)
FNDA:0,(anonymous_3)
DA:1,5
DA:2,5
DA:3,5
DA:6,5
DA:8,5
DA:10,10
DA:11,0
DA:12,5
LF:8
LH:7
BRF:0
BRH:0
end_of_record
TN:
SF:src\types\entities\User.ts
FN:12,(anonymous_2)
FN:14,(anonymous_3)
FN:26,(anonymous_4)
FN:27,(anonymous_5)
FN:30,(anonymous_6)
FN:31,(anonymous_7)
FN:31,(anonymous_8)
FN:34,(anonymous_9)
FN:35,(anonymous_10)
FN:35,(anonymous_11)
FN:38,(anonymous_12)
FN:39,(anonymous_13)
FN:39,(anonymous_14)
FNF:13
FNH:8
FNDA:115,(anonymous_2)
FNDA:0,(anonymous_3)
FNDA:10,(anonymous_4)
FNDA:0,(anonymous_5)
FNDA:0,(anonymous_6)
FNDA:20,(anonymous_7)
FNDA:5,(anonymous_8)
FNDA:0,(anonymous_9)
FNDA:20,(anonymous_10)
FNDA:5,(anonymous_11)
FNDA:0,(anonymous_12)
FNDA:20,(anonymous_13)
FNDA:5,(anonymous_14)
DA:1,5
DA:2,5
DA:3,5
DA:5,5
DA:6,5
DA:7,5
DA:8,5
DA:12,5
DA:14,0
DA:15,120
DA:19,5
DA:24,5
DA:26,10
DA:27,0
DA:28,5
DA:30,0
DA:31,20
DA:32,120
DA:34,0
DA:35,20
DA:36,120
DA:38,0
DA:39,20
DA:40,120
LF:24
LH:19
BRF:0
BRH:0
end_of_record
TN:
SF:src\types\enums\EmploymentType.ts
FN:3,(anonymous_0)
FNF:1
FNH:1
FNDA:5,(anonymous_0)
DA:1,5
DA:3,5
DA:4,5
DA:5,5
DA:6,5
DA:9,5
LF:6
LH:6
BRDA:3,0,0,5
BRDA:3,0,1,5
BRF:2
BRH:2
end_of_record
TN:
SF:src\types\enums\InternStatus.ts
FN:3,(anonymous_0)
FNF:1
FNH:1
FNDA:5,(anonymous_0)
DA:1,5
DA:3,5
DA:4,5
DA:5,5
DA:6,5
DA:7,5
DA:10,5
LF:7
LH:7
BRDA:3,0,0,5
BRDA:3,0,1,5
BRF:2
BRH:2
end_of_record
TN:
SF:src\types\enums\Position.ts
FN:3,(anonymous_0)
FNF:1
FNH:1
FNDA:5,(anonymous_0)
DA:1,5
DA:3,5
DA:4,5
DA:5,5
DA:6,5
DA:7,5
DA:8,5
DA:9,5
DA:12,5
LF:9
LH:9
BRDA:3,0,0,5
BRDA:3,0,1,5
BRF:2
BRH:2
end_of_record
TN:
SF:src\types\enums\Status.ts
FN:3,(anonymous_0)
FNF:1
FNH:1
FNDA:5,(anonymous_0)
DA:1,5
DA:3,5
DA:4,5
DA:5,5
DA:6,5
DA:7,5
DA:10,5
LF:7
LH:7
BRDA:3,0,0,5
BRDA:3,0,1,5
BRF:2
BRH:2
end_of_record
TN:
SF:tests\createConnection.ts
FN:5,getConnection
FN:25,closeConnection
FNF:2
FNH:2
FNDA:59,getConnection
FNDA:5,closeConnection
DA:1,5
DA:5,5
DA:6,59
DA:7,5
DA:18,5
DA:19,5
DA:22,59
DA:25,5
DA:26,5
DA:27,5
DA:29,5
LF:11
LH:11
BRDA:6,0,0,5
BRDA:6,0,1,54
BRDA:26,1,0,5
BRDA:26,1,1,0
BRF:4
BRH:3
end_of_record
TN:
SF:tests\dbSetup.ts
FN:3,(anonymous_0)
FN:7,(anonymous_1)
FNF:2
FNH:2
FNDA:5,(anonymous_0)
FNDA:5,(anonymous_1)
DA:1,5
DA:3,5
DA:4,5
DA:7,5
DA:8,5
LF:5
LH:5
BRF:0
BRH:0
end_of_record
